<?xml version="1.0" encoding="UTF-8"?>
<testsuite name="com.plamen.ivanov.conversionAPI.conversionAPI.ConversionApiApplicationTests" tests="1" skipped="0" failures="0" errors="0" timestamp="2024-04-09T09:41:23" hostname="DESKTOP-KUR9PC2" time="0.328">
  <properties/>
  <testcase name="contextLoads()" classname="com.plamen.ivanov.conversionAPI.conversionAPI.ConversionApiApplicationTests" time="0.328"/>
  <system-out><![CDATA[12:41:19.745 [Test worker] INFO org.springframework.test.context.support.AnnotationConfigContextLoaderUtils -- Could not detect default configuration classes for test class [com.plamen.ivanov.conversionAPI.conversionAPI.ConversionApiApplicationTests]: ConversionApiApplicationTests does not declare any static, non-private, non-final, nested classes annotated with @Configuration.
12:41:19.817 [Test worker] INFO org.springframework.boot.test.context.SpringBootTestContextBootstrapper -- Found @SpringBootConfiguration com.plamen.ivanov.conversionAPI.conversionAPI.ConversionApiApplication for test class com.plamen.ivanov.conversionAPI.conversionAPI.ConversionApiApplicationTests

  .   ____          _            __ _ _
 /\\ / ___'_ __ _ _(_)_ __  __ _ \ \ \ \
( ( )\___ | '_ | '_| | '_ \/ _` | \ \ \ \
 \\/  ___)| |_)| | | | | || (_| |  ) ) ) )
  '  |____| .__|_| |_|_| |_\__, | / / / /
 =========|_|==============|___/=/_/_/_/
 :: Spring Boot ::                (v3.2.4)

2024-04-09T12:41:20.135+03:00  INFO 2592 --- [conversionAPI] [    Test worker] c.p.i.c.c.ConversionApiApplicationTests  : Starting ConversionApiApplicationTests using Java 20.0.1 with PID 2592 (started by Fribble in C:\Developing stuff\conversionAPI\conversionAPI)
2024-04-09T12:41:20.136+03:00  INFO 2592 --- [conversionAPI] [    Test worker] c.p.i.c.c.ConversionApiApplicationTests  : No active profile set, falling back to 1 default profile: "default"
2024-04-09T12:41:20.815+03:00  INFO 2592 --- [conversionAPI] [    Test worker] .s.d.r.c.RepositoryConfigurationDelegate : Multiple Spring Data modules found, entering strict repository configuration mode
2024-04-09T12:41:20.816+03:00  INFO 2592 --- [conversionAPI] [    Test worker] .s.d.r.c.RepositoryConfigurationDelegate : Bootstrapping Spring Data JDBC repositories in DEFAULT mode.
2024-04-09T12:41:20.835+03:00  INFO 2592 --- [conversionAPI] [    Test worker] .RepositoryConfigurationExtensionSupport : Spring Data JDBC - Could not safely identify store assignment for repository candidate interface com.plamen.ivanov.conversionAPI.conversionAPI.repositories.ConversionRepository; If you want this repository to be a JDBC repository, consider annotating your entities with one of these annotations: org.springframework.data.relational.core.mapping.Table.
2024-04-09T12:41:20.835+03:00  INFO 2592 --- [conversionAPI] [    Test worker] .s.d.r.c.RepositoryConfigurationDelegate : Finished Spring Data repository scanning in 16 ms. Found 0 JDBC repository interfaces.
2024-04-09T12:41:20.844+03:00  INFO 2592 --- [conversionAPI] [    Test worker] .s.d.r.c.RepositoryConfigurationDelegate : Multiple Spring Data modules found, entering strict repository configuration mode
2024-04-09T12:41:20.844+03:00  INFO 2592 --- [conversionAPI] [    Test worker] .s.d.r.c.RepositoryConfigurationDelegate : Bootstrapping Spring Data JPA repositories in DEFAULT mode.
2024-04-09T12:41:20.865+03:00  INFO 2592 --- [conversionAPI] [    Test worker] .s.d.r.c.RepositoryConfigurationDelegate : Finished Spring Data repository scanning in 18 ms. Found 1 JPA repository interface.
2024-04-09T12:41:21.212+03:00  INFO 2592 --- [conversionAPI] [    Test worker] com.zaxxer.hikari.HikariDataSource       : plamen - Starting...
2024-04-09T12:41:21.372+03:00  INFO 2592 --- [conversionAPI] [    Test worker] com.zaxxer.hikari.pool.HikariPool        : plamen - Added connection conn0: url=jdbc:h2:mem:plamen user=SA
2024-04-09T12:41:21.374+03:00  INFO 2592 --- [conversionAPI] [    Test worker] com.zaxxer.hikari.HikariDataSource       : plamen - Start completed.
2024-04-09T12:41:21.507+03:00  INFO 2592 --- [conversionAPI] [    Test worker] o.hibernate.jpa.internal.util.LogHelper  : HHH000204: Processing PersistenceUnitInfo [name: default]
2024-04-09T12:41:21.588+03:00  INFO 2592 --- [conversionAPI] [    Test worker] org.hibernate.Version                    : HHH000412: Hibernate ORM core version 6.4.4.Final
2024-04-09T12:41:21.620+03:00  INFO 2592 --- [conversionAPI] [    Test worker] o.h.c.internal.RegionFactoryInitiator    : HHH000026: Second-level cache disabled
2024-04-09T12:41:21.801+03:00  INFO 2592 --- [conversionAPI] [    Test worker] o.s.o.j.p.SpringPersistenceUnitInfo      : No LoadTimeWeaver setup: ignoring JPA class transformer
2024-04-09T12:41:22.330+03:00  INFO 2592 --- [conversionAPI] [    Test worker] o.h.e.t.j.p.i.JtaPlatformInitiator       : HHH000489: No JTA platform available (set 'hibernate.transaction.jta.platform' to enable JTA platform integration)
Hibernate: drop table if exists conversions cascade 
Hibernate: create table conversions (amount float(53), conversion_id integer generated by default as identity, result float(53), date timestamp(6), source_currency varchar(255), target_currency varchar(255), primary key (conversion_id))
2024-04-09T12:41:22.348+03:00  INFO 2592 --- [conversionAPI] [    Test worker] j.LocalContainerEntityManagerFactoryBean : Initialized JPA EntityManagerFactory for persistence unit 'default'
2024-04-09T12:41:22.989+03:00  WARN 2592 --- [conversionAPI] [    Test worker] JpaBaseConfiguration$JpaWebConfiguration : spring.jpa.open-in-view is enabled by default. Therefore, database queries may be performed during view rendering. Explicitly configure spring.jpa.open-in-view to disable this warning
2024-04-09T12:41:23.419+03:00  INFO 2592 --- [conversionAPI] [    Test worker] o.s.b.a.h2.H2ConsoleAutoConfiguration    : H2 console available at '/h2-console'. Database available at 'jdbc:h2:mem:plamen'
2024-04-09T12:41:23.461+03:00  INFO 2592 --- [conversionAPI] [    Test worker] c.p.i.c.c.ConversionApiApplicationTests  : Started ConversionApiApplicationTests in 3.48 seconds (process running for 4.319)
]]></system-out>
  <system-err><![CDATA[]]></system-err>
</testsuite>
